C:\USERS\JAMES\DOCUMENTS\GITHUB\CIS460_HW_2\STARTER CODE GLUT\RELEASE\MAIN.OBJ
C:\USERS\JAMES\DOCUMENTS\GITHUB\CIS460_HW_2\STARTER CODE GLUT\RELEASE\PRIMATIVE.OBJ
C:\USERS\JAMES\DOCUMENTS\GITHUB\CIS460_HW_2\STARTER CODE GLUT\RELEASE\NODE.OBJ
C:\USERS\JAMES\DOCUMENTS\GITHUB\CIS460_HW_2\STARTER CODE GLUT\RELEASE\FURNITURE.OBJ
C:\USERS\JAMES\DOCUMENTS\GITHUB\CIS460_HW_2\STARTER CODE GLUT\RELEASE\VC110.PDB
C:\USERS\JAMES\DOCUMENTS\GITHUB\CIS460_HW_2\STARTER CODE GLUT\RELEASE\GLEW.OBJ
C:\USERS\JAMES\DOCUMENTS\GITHUB\CIS460_HW_2\STARTER CODE GLUT\RELEASE\SCENEGRAPH.OBJ
C:\USERS\JAMES\DOCUMENTS\GITHUB\CIS460_HW_2\RELEASE\STARTER CODE GLUT.EXE
C:\USERS\JAMES\DOCUMENTS\GITHUB\CIS460_HW_2\RELEASE\STARTER CODE GLUT.PDB
C:\Users\James\Documents\GitHub\CIS460_HW_2\Starter Code GLUT\Release\furniture.obj
C:\Users\James\Documents\GitHub\CIS460_HW_2\Starter Code GLUT\Release\glew.obj
C:\Users\James\Documents\GitHub\CIS460_HW_2\Starter Code GLUT\Release\main.obj
C:\Users\James\Documents\GitHub\CIS460_HW_2\Starter Code GLUT\Release\node.obj
C:\Users\James\Documents\GitHub\CIS460_HW_2\Starter Code GLUT\Release\primative.obj
C:\Users\James\Documents\GitHub\CIS460_HW_2\Starter Code GLUT\Release\sceneGraph.obj
C:\Users\James\Documents\GitHub\CIS460_HW_2\Starter Code GLUT\Release\cl.command.1.tlog
C:\Users\James\Documents\GitHub\CIS460_HW_2\Starter Code GLUT\Release\CL.read.1.tlog
C:\Users\James\Documents\GitHub\CIS460_HW_2\Starter Code GLUT\Release\CL.write.1.tlog
C:\Users\James\Documents\GitHub\CIS460_HW_2\Starter Code GLUT\Release\link-cvtres.read.1.tlog
C:\Users\James\Documents\GitHub\CIS460_HW_2\Starter Code GLUT\Release\link-cvtres.write.1.tlog
C:\Users\James\Documents\GitHub\CIS460_HW_2\Starter Code GLUT\Release\link-rc.read.1.tlog
C:\Users\James\Documents\GitHub\CIS460_HW_2\Starter Code GLUT\Release\link-rc.write.1.tlog
C:\Users\James\Documents\GitHub\CIS460_HW_2\Starter Code GLUT\Release\link.command.1.tlog
C:\Users\James\Documents\GitHub\CIS460_HW_2\Starter Code GLUT\Release\link.read.1.tlog
C:\Users\James\Documents\GitHub\CIS460_HW_2\Starter Code GLUT\Release\link.read.2.tlog
C:\Users\James\Documents\GitHub\CIS460_HW_2\Starter Code GLUT\Release\link.read.4.tlog
C:\Users\James\Documents\GitHub\CIS460_HW_2\Starter Code GLUT\Release\link.read.5.tlog
C:\Users\James\Documents\GitHub\CIS460_HW_2\Starter Code GLUT\Release\link.write.1.tlog
C:\Users\James\Documents\GitHub\CIS460_HW_2\Starter Code GLUT\Release\vc110.pdb
C:\Users\James\Documents\GitHub\CIS460_HW_2\Release\Starter Code GLUT.pdb
C:\Users\James\Documents\GitHub\CIS460_HW_2\Release\Starter Code GLUT.exe
