D:\DOCUMENTS\GIT\JAMESBARTOLOZZI_HW2\CIS460_HW_2 - COPY\STARTER CODE GLUT\DEBUG\FURNITURE.OBJ
D:\DOCUMENTS\GIT\JAMESBARTOLOZZI_HW2\CIS460_HW_2 - COPY\STARTER CODE GLUT\DEBUG\NODE.OBJ
D:\DOCUMENTS\GIT\JAMESBARTOLOZZI_HW2\CIS460_HW_2 - COPY\STARTER CODE GLUT\DEBUG\PRIMATIVE.OBJ
D:\DOCUMENTS\GIT\JAMESBARTOLOZZI_HW2\CIS460_HW_2 - COPY\STARTER CODE GLUT\DEBUG\MAIN.OBJ
D:\DOCUMENTS\GIT\JAMESBARTOLOZZI_HW2\CIS460_HW_2 - COPY\STARTER CODE GLUT\DEBUG\SCENEGRAPH.OBJ
D:\DOCUMENTS\GIT\JAMESBARTOLOZZI_HW2\CIS460_HW_2 - COPY\STARTER CODE GLUT\DEBUG\VC110.PDB
D:\DOCUMENTS\GIT\JAMESBARTOLOZZI_HW2\CIS460_HW_2 - COPY\STARTER CODE GLUT\DEBUG\GLEW.OBJ
D:\DOCUMENTS\GIT\JAMESBARTOLOZZI_HW2\CIS460_HW_2 - COPY\DEBUG\STARTER CODE GLUT.ILK
D:\DOCUMENTS\GIT\JAMESBARTOLOZZI_HW2\CIS460_HW_2 - COPY\DEBUG\STARTER CODE GLUT.EXE
D:\DOCUMENTS\GIT\JAMESBARTOLOZZI_HW2\CIS460_HW_2 - COPY\DEBUG\STARTER CODE GLUT.PDB
D:\Documents\Git\JamesBartolozzi_HW2\CIS460_HW_2 - Copy\Starter Code GLUT\Debug\furniture.obj
D:\Documents\Git\JamesBartolozzi_HW2\CIS460_HW_2 - Copy\Starter Code GLUT\Debug\glew.obj
D:\Documents\Git\JamesBartolozzi_HW2\CIS460_HW_2 - Copy\Starter Code GLUT\Debug\main.obj
D:\Documents\Git\JamesBartolozzi_HW2\CIS460_HW_2 - Copy\Starter Code GLUT\Debug\node.obj
D:\Documents\Git\JamesBartolozzi_HW2\CIS460_HW_2 - Copy\Starter Code GLUT\Debug\primative.obj
D:\Documents\Git\JamesBartolozzi_HW2\CIS460_HW_2 - Copy\Starter Code GLUT\Debug\sceneGraph.obj
D:\Documents\Git\JamesBartolozzi_HW2\CIS460_HW_2 - Copy\Starter Code GLUT\Debug\cl.command.1.tlog
D:\Documents\Git\JamesBartolozzi_HW2\CIS460_HW_2 - Copy\Starter Code GLUT\Debug\CL.read.1.tlog
D:\Documents\Git\JamesBartolozzi_HW2\CIS460_HW_2 - Copy\Starter Code GLUT\Debug\CL.write.1.tlog
D:\Documents\Git\JamesBartolozzi_HW2\CIS460_HW_2 - Copy\Starter Code GLUT\Debug\link-cvtres.read.1.tlog
D:\Documents\Git\JamesBartolozzi_HW2\CIS460_HW_2 - Copy\Starter Code GLUT\Debug\link-cvtres.write.1.tlog
D:\Documents\Git\JamesBartolozzi_HW2\CIS460_HW_2 - Copy\Starter Code GLUT\Debug\link-rc.read.1.tlog
D:\Documents\Git\JamesBartolozzi_HW2\CIS460_HW_2 - Copy\Starter Code GLUT\Debug\link-rc.write.1.tlog
D:\Documents\Git\JamesBartolozzi_HW2\CIS460_HW_2 - Copy\Starter Code GLUT\Debug\link.command.1.tlog
D:\Documents\Git\JamesBartolozzi_HW2\CIS460_HW_2 - Copy\Starter Code GLUT\Debug\link.read.1.tlog
D:\Documents\Git\JamesBartolozzi_HW2\CIS460_HW_2 - Copy\Starter Code GLUT\Debug\link.write.1.tlog
D:\Documents\Git\JamesBartolozzi_HW2\CIS460_HW_2 - Copy\Starter Code GLUT\Debug\vc110.idb
D:\Documents\Git\JamesBartolozzi_HW2\CIS460_HW_2 - Copy\Starter Code GLUT\Debug\vc110.pdb
D:\Documents\Git\JamesBartolozzi_HW2\CIS460_HW_2 - Copy\Debug\Starter Code GLUT.pdb
D:\Documents\Git\JamesBartolozzi_HW2\CIS460_HW_2 - Copy\Debug\Starter Code GLUT.exe
D:\Documents\Git\JamesBartolozzi_HW2\CIS460_HW_2 - Copy\Debug\Starter Code GLUT.ilk
